#
# There is insufficient memory for the Java Runtime Environment to continue.
# Native memory allocation (malloc) failed to allocate 1880400 bytes for Chunk::new
# Possible reasons:
#   The system is out of physical RAM or swap space
#   The process is running with CompressedOops enabled, and the Java Heap may be blocking the growth of the native heap
# Possible solutions:
#   Reduce memory load on the system
#   Increase physical memory or swap space
#   Check if swap backing store is full
#   Decrease Java heap size (-Xmx/-Xms)
#   Decrease number of Java threads
#   Decrease Java thread stack sizes (-Xss)
#   Set larger code cache with -XX:ReservedCodeCacheSize=
#   JVM is running with Zero Based Compressed Oops mode in which the Java heap is
#     placed in the first 32GB address space. The Java Heap base address is the
#     maximum limit for the native heap growth. Please use -XX:HeapBaseMinAddress
#     to set the Java Heap base and to place the Java Heap above 32GB virtual address.
# This output file may be truncated or incomplete.
#
#  Out of Memory Error (arena.cpp:189), pid=14460, tid=31948
#
# JRE version: Java(TM) SE Runtime Environment (17.0.6+9) (build 17.0.6+9-LTS-190)
# Java VM: Java HotSpot(TM) 64-Bit Server VM (17.0.6+9-LTS-190, mixed mode, sharing, tiered, compressed oops, compressed class ptrs, g1 gc, windows-amd64)
# No core dump will be written. Minidumps are not enabled by default on client versions of Windows
#

---------------  S U M M A R Y ------------

Command Line: C:\Users\T\AppData\Local\Temp\surefire10920368237488122539\surefirebooter7423333078494778146.jar C:\Users\T\AppData\Local\Temp\surefire10920368237488122539 2023-10-25T08-54-42_314-jvmRun1 surefire16927037582912381449tmp surefire_08235286321202334888tmp

Host: 11th Gen Intel(R) Core(TM) i7-1165G7 @ 2.80GHz, 8 cores, 15G,  Windows 11 , 64 bit Build 22621 (10.0.22621.2215)
Time: Wed Oct 25 08:54:58 2023 Afr. centrale Ouest elapsed time: 11.667184 seconds (0d 0h 0m 11s)

---------------  T H R E A D  ---------------

Current thread (0x0000020b6edc7d80):  JavaThread "C2 CompilerThread0" daemon [_thread_in_native, id=31948, stack(0x00000027c9600000,0x00000027c9700000)]


Current CompileTask:
C2:  11667 2267   !   4       jdk.internal.loader.BuiltinClassLoader::loadClassOrNull (143 bytes)

Stack: [0x00000027c9600000,0x00000027c9700000]
Native frames: (J=compiled Java code, j=interpreted, Vv=VM code, C=native code)
V  [jvm.dll+0x6734ea]
V  [jvm.dll+0x7d18f4]
V  [jvm.dll+0x7d309e]
V  [jvm.dll+0x7d3703]
V  [jvm.dll+0x2433c5]
V  [jvm.dll+0xaa46b]
V  [jvm.dll+0xaaa0c]
V  [jvm.dll+0x35eb2e]
V  [jvm.dll+0x1b986a]
V  [jvm.dll+0x215f37]
V  [jvm.dll+0x215211]
V  [jvm.dll+0x1a1730]
V  [jvm.dll+0x224b6e]
V  [jvm.dll+0x222f15]
V  [jvm.dll+0x78753c]
V  [jvm.dll+0x781a7a]
V  [jvm.dll+0x672375]
C  [ucrtbase.dll+0x29363]
C  [KERNEL32.DLL+0x1257d]
C  [ntdll.dll+0x5aa68]


---------------  P R O C E S S  ---------------

Threads class SMR info:
_java_thread_list=0x0000020b720fe7b0, length=15, elements={
0x0000020b4c239fd0, 0x0000020b6eda8b50, 0x0000020b6edabeb0, 0x0000020b6edc30d0,
0x0000020b6edc3c80, 0x0000020b6edc6640, 0x0000020b6edc6ff0, 0x0000020b6edc7d80,
0x0000020b6f850880, 0x0000020b6f857a70, 0x0000020b6f919470, 0x0000020b6f92e020,
0x0000020b6f955290, 0x0000020b6fa531b0, 0x0000020b720dc530
}

Java Threads: ( => current thread )
  0x0000020b4c239fd0 JavaThread "main" [_thread_in_vm, id=9448, stack(0x00000027c8700000,0x00000027c8800000)]
  0x0000020b6eda8b50 JavaThread "Reference Handler" daemon [_thread_blocked, id=25004, stack(0x00000027c8f00000,0x00000027c9000000)]
  0x0000020b6edabeb0 JavaThread "Finalizer" daemon [_thread_blocked, id=35172, stack(0x00000027c9000000,0x00000027c9100000)]
  0x0000020b6edc30d0 JavaThread "Signal Dispatcher" daemon [_thread_blocked, id=21588, stack(0x00000027c9200000,0x00000027c9300000)]
  0x0000020b6edc3c80 JavaThread "Attach Listener" daemon [_thread_blocked, id=28420, stack(0x00000027c9300000,0x00000027c9400000)]
  0x0000020b6edc6640 JavaThread "Service Thread" daemon [_thread_blocked, id=2828, stack(0x00000027c9400000,0x00000027c9500000)]
  0x0000020b6edc6ff0 JavaThread "Monitor Deflation Thread" daemon [_thread_blocked, id=9500, stack(0x00000027c9500000,0x00000027c9600000)]
=>0x0000020b6edc7d80 JavaThread "C2 CompilerThread0" daemon [_thread_in_native, id=31948, stack(0x00000027c9600000,0x00000027c9700000)]
  0x0000020b6f850880 JavaThread "C1 CompilerThread0" daemon [_thread_blocked, id=35544, stack(0x00000027c9700000,0x00000027c9800000)]
  0x0000020b6f857a70 JavaThread "Sweeper thread" daemon [_thread_blocked, id=9504, stack(0x00000027c9800000,0x00000027c9900000)]
  0x0000020b6f919470 JavaThread "Notification Thread" daemon [_thread_blocked, id=16808, stack(0x00000027c9900000,0x00000027c9a00000)]
  0x0000020b6f92e020 JavaThread "Common-Cleaner" daemon [_thread_blocked, id=33852, stack(0x00000027c9b00000,0x00000027c9c00000)]
  0x0000020b6f955290 JavaThread "surefire-forkedjvm-command-thread" daemon [_thread_in_native, id=12272, stack(0x00000027c9c00000,0x00000027c9d00000)]
  0x0000020b6fa531b0 JavaThread "surefire-forkedjvm-ping-30s" daemon [_thread_in_native, id=21208, stack(0x00000027c9d00000,0x00000027c9e00000)]
  0x0000020b720dc530 JavaThread "C2 CompilerThread1" daemon [_thread_in_vm, id=32888, stack(0x00000027ca600000,0x00000027ca700000)]

Other Threads:
  0x0000020b6eda2d70 VMThread "VM Thread" [stack: 0x00000027c8e00000,0x00000027c8f00000] [id=12676]
  0x0000020b6f925960 WatcherThread [stack: 0x00000027c9a00000,0x00000027c9b00000] [id=29664]
  0x0000020b4c2a7bd0 GCTaskThread "GC Thread#0" [stack: 0x00000027c8900000,0x00000027c8a00000] [id=31516]
  0x0000020b70486f50 GCTaskThread "GC Thread#1" [stack: 0x00000027c9e00000,0x00000027c9f00000] [id=29588]
  0x0000020b704fd3a0 GCTaskThread "GC Thread#2" [stack: 0x00000027c9f00000,0x00000027ca000000] [id=31116]
  0x0000020b704fd650 GCTaskThread "GC Thread#3" [stack: 0x00000027ca000000,0x00000027ca100000] [id=22164]
  0x0000020b704fd900 GCTaskThread "GC Thread#4" [stack: 0x00000027ca100000,0x00000027ca200000] [id=11368]
  0x0000020b704f6f60 GCTaskThread "GC Thread#5" [stack: 0x00000027ca200000,0x00000027ca300000] [id=9648]
  0x0000020b704f7210 GCTaskThread "GC Thread#6" [stack: 0x00000027ca300000,0x00000027ca400000] [id=9948]
  0x0000020b704f6a00 GCTaskThread "GC Thread#7" [stack: 0x00000027ca500000,0x00000027ca600000] [id=7428]
  0x0000020b4c2b8660 ConcurrentGCThread "G1 Main Marker" [stack: 0x00000027c8a00000,0x00000027c8b00000] [id=2552]
  0x0000020b4c2b9810 ConcurrentGCThread "G1 Conc#0" [stack: 0x00000027c8b00000,0x00000027c8c00000] [id=16804]
  0x0000020b6ec624d0 ConcurrentGCThread "G1 Refine#0" [stack: 0x00000027c8c00000,0x00000027c8d00000] [id=26252]
  0x0000020b704f7f00 ConcurrentGCThread "G1 Refine#1" [stack: 0x00000027ca400000,0x00000027ca500000] [id=25420]
  0x0000020b6ec62ef0 ConcurrentGCThread "G1 Service" [stack: 0x00000027c8d00000,0x00000027c8e00000] [id=10260]

Threads with active compile tasks:
C2 CompilerThread0    11680 2267   !   4       jdk.internal.loader.BuiltinClassLoader::loadClassOrNull (143 bytes)
C2 CompilerThread1    11680 2326       4       jdk.internal.loader.URLClassPath$JarLoader::findResource (18 bytes)

VM state: not at safepoint (normal execution)

VM Mutex/Monitor currently owned by a thread: None

Heap address: 0x0000000704a00000, size: 4022 MB, Compressed Oops mode: Zero based, Oop shift amount: 3

CDS archive(s) mapped at: [0x0000000800000000-0x0000000800bd0000-0x0000000800bd0000), size 12386304, SharedBaseAddress: 0x0000000800000000, ArchiveRelocationMode: 0.
Compressed class space mapped at: 0x0000000800c00000-0x0000000840c00000, reserved size: 1073741824
Narrow klass base: 0x0000000800000000, Narrow klass shift: 0, Narrow klass range: 0x100000000

GC Precious Log:
 CPUs: 8 total, 8 available
 Memory: 16082M
 Large Page Support: Disabled
 NUMA Support: Disabled
 Compressed Oops: Enabled (Zero based)
 Heap Region Size: 2M
 Heap Min Capacity: 8M
 Heap Initial Capacity: 252M
 Heap Max Capacity: 4022M
 Pre-touch: Disabled
 Parallel Workers: 8
 Concurrent Workers: 2
 Concurrent Refinement Workers: 8
 Periodic GC: Disabled

Heap:
 garbage-first heap   total 258048K, used 46658K [0x0000000704a00000, 0x0000000800000000)
  region size 2048K, 21 young (43008K), 1 survivors (2048K)
 Metaspace       used 19289K, committed 19584K, reserved 1073152K
  class space    used 2478K, committed 2624K, reserved 1048576K

Heap Regions: E=young(eden), S=young(survivor), O=old, HS=humongous(starts), HC=humongous(continues), CS=collection set, F=free, OA=open archive, CA=closed archive, TAMS=top-at-mark-start (previous, next)
|   0|0x0000000704a00000, 0x0000000704c00000, 0x0000000704c00000|100%| O|  |TAMS 0x0000000704a00000, 0x0000000704a00000| Untracked 
|   1|0x0000000704c00000, 0x0000000704e00000, 0x0000000704e00000|100%| O|  |TAMS 0x0000000704c00000, 0x0000000704c00000| Untracked 
|   2|0x0000000704e00000, 0x0000000704fb9a00, 0x0000000705000000| 86%| O|  |TAMS 0x0000000704e00000, 0x0000000704e00000| Untracked 
|   3|0x0000000705000000, 0x0000000705000000, 0x0000000705200000|  0%| F|  |TAMS 0x0000000705000000, 0x0000000705000000| Untracked 
|   4|0x0000000705200000, 0x0000000705200000, 0x0000000705400000|  0%| F|  |TAMS 0x0000000705200000, 0x0000000705200000| Untracked 
|   5|0x0000000705400000, 0x0000000705400000, 0x0000000705600000|  0%| F|  |TAMS 0x0000000705400000, 0x0000000705400000| Untracked 
|   6|0x0000000705600000, 0x0000000705600000, 0x0000000705800000|  0%| F|  |TAMS 0x0000000705600000, 0x0000000705600000| Untracked 
|   7|0x0000000705800000, 0x0000000705800000, 0x0000000705a00000|  0%| F|  |TAMS 0x0000000705800000, 0x0000000705800000| Untracked 
|   8|0x0000000705a00000, 0x0000000705a00000, 0x0000000705c00000|  0%| F|  |TAMS 0x0000000705a00000, 0x0000000705a00000| Untracked 
|   9|0x0000000705c00000, 0x0000000705c00000, 0x0000000705e00000|  0%| F|  |TAMS 0x0000000705c00000, 0x0000000705c00000| Untracked 
|  10|0x0000000705e00000, 0x0000000705e00000, 0x0000000706000000|  0%| F|  |TAMS 0x0000000705e00000, 0x0000000705e00000| Untracked 
|  11|0x0000000706000000, 0x0000000706000000, 0x0000000706200000|  0%| F|  |TAMS 0x0000000706000000, 0x0000000706000000| Untracked 
|  12|0x0000000706200000, 0x0000000706200000, 0x0000000706400000|  0%| F|  |TAMS 0x0000000706200000, 0x0000000706200000| Untracked 
|  13|0x0000000706400000, 0x0000000706400000, 0x0000000706600000|  0%| F|  |TAMS 0x0000000706400000, 0x0000000706400000| Untracked 
|  14|0x0000000706600000, 0x0000000706600000, 0x0000000706800000|  0%| F|  |TAMS 0x0000000706600000, 0x0000000706600000| Untracked 
|  15|0x0000000706800000, 0x0000000706800000, 0x0000000706a00000|  0%| F|  |TAMS 0x0000000706800000, 0x0000000706800000| Untracked 
|  16|0x0000000706a00000, 0x0000000706a00000, 0x0000000706c00000|  0%| F|  |TAMS 0x0000000706a00000, 0x0000000706a00000| Untracked 
|  17|0x0000000706c00000, 0x0000000706c00000, 0x0000000706e00000|  0%| F|  |TAMS 0x0000000706c00000, 0x0000000706c00000| Untracked 
|  18|0x0000000706e00000, 0x0000000706e00000, 0x0000000707000000|  0%| F|  |TAMS 0x0000000706e00000, 0x0000000706e00000| Untracked 
|  19|0x0000000707000000, 0x0000000707000000, 0x0000000707200000|  0%| F|  |TAMS 0x0000000707000000, 0x0000000707000000| Untracked 
|  20|0x0000000707200000, 0x0000000707200000, 0x0000000707400000|  0%| F|  |TAMS 0x0000000707200000, 0x0000000707200000| Untracked 
|  21|0x0000000707400000, 0x0000000707400000, 0x0000000707600000|  0%| F|  |TAMS 0x0000000707400000, 0x0000000707400000| Untracked 
|  22|0x0000000707600000, 0x0000000707600000, 0x0000000707800000|  0%| F|  |TAMS 0x0000000707600000, 0x0000000707600000| Untracked 
|  23|0x0000000707800000, 0x0000000707800000, 0x0000000707a00000|  0%| F|  |TAMS 0x0000000707800000, 0x0000000707800000| Untracked 
|  24|0x0000000707a00000, 0x0000000707a00000, 0x0000000707c00000|  0%| F|  |TAMS 0x0000000707a00000, 0x0000000707a00000| Untracked 
|  25|0x0000000707c00000, 0x0000000707c00000, 0x0000000707e00000|  0%| F|  |TAMS 0x0000000707c00000, 0x0000000707c00000| Untracked 
|  26|0x0000000707e00000, 0x0000000707e00000, 0x0000000708000000|  0%| F|  |TAMS 0x0000000707e00000, 0x0000000707e00000| Untracked 
|  27|0x0000000708000000, 0x0000000708000000, 0x0000000708200000|  0%| F|  |TAMS 0x0000000708000000, 0x0000000708000000| Untracked 
|  28|0x0000000708200000, 0x0000000708200000, 0x0000000708400000|  0%| F|  |TAMS 0x0000000708200000, 0x0000000708200000| Untracked 
|  29|0x0000000708400000, 0x0000000708400000, 0x0000000708600000|  0%| F|  |TAMS 0x0000000708400000, 0x0000000708400000| Untracked 
|  30|0x0000000708600000, 0x0000000708600000, 0x0000000708800000|  0%| F|  |TAMS 0x0000000708600000, 0x0000000708600000| Untracked 
|  31|0x0000000708800000, 0x0000000708800000, 0x0000000708a00000|  0%| F|  |TAMS 0x0000000708800000, 0x0000000708800000| Untracked 
|  32|0x0000000708a00000, 0x0000000708a00000, 0x0000000708c00000|  0%| F|  |TAMS 0x0000000708a00000, 0x0000000708a00000| Untracked 
|  33|0x0000000708c00000, 0x0000000708c00000, 0x0000000708e00000|  0%| F|  |TAMS 0x0000000708c00000, 0x0000000708c00000| Untracked 
|  34|0x0000000708e00000, 0x0000000708e00000, 0x0000000709000000|  0%| F|  |TAMS 0x0000000708e00000, 0x0000000708e00000| Untracked 
|  35|0x0000000709000000, 0x0000000709000000, 0x0000000709200000|  0%| F|  |TAMS 0x0000000709000000, 0x0000000709000000| Untracked 
|  36|0x0000000709200000, 0x0000000709200000, 0x0000000709400000|  0%| F|  |TAMS 0x0000000709200000, 0x0000000709200000| Untracked 
|  37|0x0000000709400000, 0x0000000709400000, 0x0000000709600000|  0%| F|  |TAMS 0x0000000709400000, 0x0000000709400000| Untracked 
|  38|0x0000000709600000, 0x0000000709600000, 0x0000000709800000|  0%| F|  |TAMS 0x0000000709600000, 0x0000000709600000| Untracked 
|  39|0x0000000709800000, 0x0000000709800000, 0x0000000709a00000|  0%| F|  |TAMS 0x0000000709800000, 0x0000000709800000| Untracked 
|  40|0x0000000709a00000, 0x0000000709a00000, 0x0000000709c00000|  0%| F|  |TAMS 0x0000000709a00000, 0x0000000709a00000| Untracked 
|  41|0x0000000709c00000, 0x0000000709c00000, 0x0000000709e00000|  0%| F|  |TAMS 0x0000000709c00000, 0x0000000709c00000| Untracked 
|  42|0x0000000709e00000, 0x0000000709e00000, 0x000000070a000000|  0%| F|  |TAMS 0x0000000709e00000, 0x0000000709e00000| Untracked 
|  43|0x000000070a000000, 0x000000070a000000, 0x000000070a200000|  0%| F|  |TAMS 0x000000070a000000, 0x000000070a000000| Untracked 
|  44|0x000000070a200000, 0x000000070a200000, 0x000000070a400000|  0%| F|  |TAMS 0x000000070a200000, 0x000000070a200000| Untracked 
|  45|0x000000070a400000, 0x000000070a400000, 0x000000070a600000|  0%| F|  |TAMS 0x000000070a400000, 0x000000070a400000| Untracked 
|  46|0x000000070a600000, 0x000000070a600000, 0x000000070a800000|  0%| F|  |TAMS 0x000000070a600000, 0x000000070a600000| Untracked 
|  47|0x000000070a800000, 0x000000070a800000, 0x000000070aa00000|  0%| F|  |TAMS 0x000000070a800000, 0x000000070a800000| Untracked 
|  48|0x000000070aa00000, 0x000000070aa00000, 0x000000070ac00000|  0%| F|  |TAMS 0x000000070aa00000, 0x000000070aa00000| Untracked 
|  49|0x000000070ac00000, 0x000000070ac00000, 0x000000070ae00000|  0%| F|  |TAMS 0x000000070ac00000, 0x000000070ac00000| Untracked 
|  50|0x000000070ae00000, 0x000000070ae00000, 0x000000070b000000|  0%| F|  |TAMS 0x000000070ae00000, 0x000000070ae00000| Untracked 
|  51|0x000000070b000000, 0x000000070b000000, 0x000000070b200000|  0%| F|  |TAMS 0x000000070b000000, 0x000000070b000000| Untracked 
|  52|0x000000070b200000, 0x000000070b200000, 0x000000070b400000|  0%| F|  |TAMS 0x000000070b200000, 0x000000070b200000| Untracked 
|  53|0x000000070b400000, 0x000000070b400000, 0x000000070b600000|  0%| F|  |TAMS 0x000000070b400000, 0x000000070b400000| Untracked 
|  54|0x000000070b600000, 0x000000070b600000, 0x000000070b800000|  0%| F|  |TAMS 0x000000070b600000, 0x000000070b600000| Untracked 
|  55|0x000000070b800000, 0x000000070b800000, 0x000000070ba00000|  0%| F|  |TAMS 0x000000070b800000, 0x000000070b800000| Untracked 
|  56|0x000000070ba00000, 0x000000070ba00000, 0x000000070bc00000|  0%| F|  |TAMS 0x000000070ba00000, 0x000000070ba00000| Untracked 
|  57|0x000000070bc00000, 0x000000070bc00000, 0x000000070be00000|  0%| F|  |TAMS 0x000000070bc00000, 0x000000070bc00000| Untracked 
|  58|0x000000070be00000, 0x000000070be00000, 0x000000070c000000|  0%| F|  |TAMS 0x000000070be00000, 0x000000070be00000| Untracked 
|  59|0x000000070c000000, 0x000000070c000000, 0x000000070c200000|  0%| F|  |TAMS 0x000000070c000000, 0x000000070c000000| Untracked 
|  60|0x000000070c200000, 0x000000070c200000, 0x000000070c400000|  0%| F|  |TAMS 0x000000070c200000, 0x000000070c200000| Untracked 
|  61|0x000000070c400000, 0x000000070c400000, 0x000000070c600000|  0%| F|  |TAMS 0x000000070c400000, 0x000000070c400000| Untracked 
|  62|0x000000070c600000, 0x000000070c600000, 0x000000070c800000|  0%| F|  |TAMS 0x000000070c600000, 0x000000070c600000| Untracked 
|  63|0x000000070c800000, 0x000000070c800000, 0x000000070ca00000|  0%| F|  |TAMS 0x000000070c800000, 0x000000070c800000| Untracked 
|  64|0x000000070ca00000, 0x000000070ca00000, 0x000000070cc00000|  0%| F|  |TAMS 0x000000070ca00000, 0x000000070ca00000| Untracked 
|  65|0x000000070cc00000, 0x000000070cc00000, 0x000000070ce00000|  0%| F|  |TAMS 0x000000070cc00000, 0x000000070cc00000| Untracked 
|  66|0x000000070ce00000, 0x000000070ce00000, 0x000000070d000000|  0%| F|  |TAMS 0x000000070ce00000, 0x000000070ce00000| Untracked 
|  67|0x000000070d000000, 0x000000070d000000, 0x000000070d200000|  0%| F|  |TAMS 0x000000070d000000, 0x000000070d000000| Untracked 
|  68|0x000000070d200000, 0x000000070d200000, 0x000000070d400000|  0%| F|  |TAMS 0x000000070d200000, 0x000000070d200000| Untracked 
|  69|0x000000070d400000, 0x000000070d400000, 0x000000070d600000|  0%| F|  |TAMS 0x000000070d400000, 0x000000070d400000| Untracked 
|  70|0x000000070d600000, 0x000000070d600000, 0x000000070d800000|  0%| F|  |TAMS 0x000000070d600000, 0x000000070d600000| Untracked 
|  71|0x000000070d800000, 0x000000070d800000, 0x000000070da00000|  0%| F|  |TAMS 0x000000070d800000, 0x000000070d800000| Untracked 
|  72|0x000000070da00000, 0x000000070da00000, 0x000000070dc00000|  0%| F|  |TAMS 0x000000070da00000, 0x000000070da00000| Untracked 
|  73|0x000000070dc00000, 0x000000070dc00000, 0x000000070de00000|  0%| F|  |TAMS 0x000000070dc00000, 0x000000070dc00000| Untracked 
|  74|0x000000070de00000, 0x000000070de00000, 0x000000070e000000|  0%| F|  |TAMS 0x000000070de00000, 0x000000070de00000| Untracked 
|  75|0x000000070e000000, 0x000000070e000000, 0x000000070e200000|  0%| F|  |TAMS 0x000000070e000000, 0x000000070e000000| Untracked 
|  76|0x000000070e200000, 0x000000070e200000, 0x000000070e400000|  0%| F|  |TAMS 0x000000070e200000, 0x000000070e200000| Untracked 
|  77|0x000000070e400000, 0x000000070e400000, 0x000000070e600000|  0%| F|  |TAMS 0x000000070e400000, 0x000000070e400000| Untracked 
|  78|0x000000070e600000, 0x000000070e600000, 0x000000070e800000|  0%| F|  |TAMS 0x000000070e600000, 0x000000070e600000| Untracked 
|  79|0x000000070e800000, 0x000000070e800000, 0x000000070ea00000|  0%| F|  |TAMS 0x000000070e800000, 0x000000070e800000| Untracked 
|  80|0x000000070ea00000, 0x000000070ea00000, 0x000000070ec00000|  0%| F|  |TAMS 0x000000070ea00000, 0x000000070ea00000| Untracked 
|  81|0x000000070ec00000, 0x000000070ec00000, 0x000000070ee00000|  0%| F|  |TAMS 0x000000070ec00000, 0x000000070ec00000| Untracked 
|  82|0x000000070ee00000, 0x000000070ee00000, 0x000000070f000000|  0%| F|  |TAMS 0x000000070ee00000, 0x000000070ee00000| Untracked 
|  83|0x000000070f000000, 0x000000070f000000, 0x000000070f200000|  0%| F|  |TAMS 0x000000070f000000, 0x000000070f000000| Untracked 
|  84|0x000000070f200000, 0x000000070f200000, 0x000000070f400000|  0%| F|  |TAMS 0x000000070f200000, 0x000000070f200000| Untracked 
|  85|0x000000070f400000, 0x000000070f400000, 0x000000070f600000|  0%| F|  |TAMS 0x000000070f400000, 0x000000070f400000| Untracked 
|  86|0x000000070f600000, 0x000000070f600000, 0x000000070f800000|  0%| F|  |TAMS 0x000000070f600000, 0x000000070f600000| Untracked 
|  87|0x000000070f800000, 0x000000070f800000, 0x000000070fa00000|  0%| F|  |TAMS 0x000000070f800000, 0x000000070f800000| Untracked 
|  88|0x000000070fa00000, 0x000000070fa00000, 0x000000070fc00000|  0%| F|  |TAMS 0x000000070fa00000, 0x000000070fa00000| Untracked 
|  89|0x000000070fc00000, 0x000000070fc00000, 0x000000070fe00000|  0%| F|  |TAMS 0x000000070fc00000, 0x000000070fc00000| Untracked 
|  90|0x000000070fe00000, 0x000000070fe00000, 0x0000000710000000|  0%| F|  |TAMS 0x000000070fe00000, 0x000000070fe00000| Untracked 
|  91|0x0000000710000000, 0x0000000710000000, 0x0000000710200000|  0%| F|  |TAMS 0x0000000710000000, 0x0000000710000000| Untracked 
|  92|0x0000000710200000, 0x0000000710200000, 0x0000000710400000|  0%| F|  |TAMS 0x0000000710200000, 0x0000000710200000| Untracked 
|  93|0x0000000710400000, 0x0000000710400000, 0x0000000710600000|  0%| F|  |TAMS 0x0000000710400000, 0x0000000710400000| Untracked 
|  94|0x0000000710600000, 0x0000000710600000, 0x0000000710800000|  0%| F|  |TAMS 0x0000000710600000, 0x0000000710600000| Untracked 
|  95|0x0000000710800000, 0x0000000710800000, 0x0000000710a00000|  0%| F|  |TAMS 0x0000000710800000, 0x0000000710800000| Untracked 
|  96|0x0000000710a00000, 0x0000000710a00000, 0x0000000710c00000|  0%| F|  |TAMS 0x0000000710a00000, 0x0000000710a00000| Untracked 
|  97|0x0000000710c00000, 0x0000000710c00000, 0x0000000710e00000|  0%| F|  |TAMS 0x0000000710c00000, 0x0000000710c00000| Untracked 
|  98|0x0000000710e00000, 0x0000000710e00000, 0x0000000711000000|  0%| F|  |TAMS 0x0000000710e00000, 0x0000000710e00000| Untracked 
|  99|0x0000000711000000, 0x0000000711000000, 0x0000000711200000|  0%| F|  |TAMS 0x0000000711000000, 0x0000000711000000| Untracked 
| 100|0x0000000711200000, 0x0000000711200000, 0x0000000711400000|  0%| F|  |TAMS 0x0000000711200000, 0x0000000711200000| Untracked 
| 101|0x0000000711400000, 0x0000000711400000, 0x0000000711600000|  0%| F|  |TAMS 0x0000000711400000, 0x0000000711400000| Untracked 
| 102|0x0000000711600000, 0x0000000711600000, 0x0000000711800000|  0%| F|  |TAMS 0x0000000711600000, 0x0000000711600000| Untracked 
| 103|0x0000000711800000, 0x0000000711800000, 0x0000000711a00000|  0%| F|  |TAMS 0x0000000711800000, 0x0000000711800000| Untracked 
| 104|0x0000000711a00000, 0x0000000711a00000, 0x0000000711c00000|  0%| F|  |TAMS 0x0000000711a00000, 0x0000000711a00000| Untracked 
| 105|0x0000000711c00000, 0x0000000711e00000, 0x0000000711e00000|100%| E|  |TAMS 0x0000000711c00000, 0x0000000711c00000| Complete 
| 106|0x0000000711e00000, 0x0000000712000000, 0x0000000712000000|100%| E|CS|TAMS 0x0000000711e00000, 0x0000000711e00000| Complete 
| 107|0x0000000712000000, 0x0000000712200000, 0x0000000712200000|100%| E|CS|TAMS 0x0000000712000000, 0x0000000712000000| Complete 
| 108|0x0000000712200000, 0x0000000712400000, 0x0000000712400000|100%| E|CS|TAMS 0x0000000712200000, 0x0000000712200000| Complete 
| 109|0x0000000712400000, 0x0000000712600000, 0x0000000712600000|100%| E|CS|TAMS 0x0000000712400000, 0x0000000712400000| Complete 
| 110|0x0000000712600000, 0x0000000712800000, 0x0000000712800000|100%| E|CS|TAMS 0x0000000712600000, 0x0000000712600000| Complete 
| 111|0x0000000712800000, 0x0000000712a00000, 0x0000000712a00000|100%| E|CS|TAMS 0x0000000712800000, 0x0000000712800000| Complete 
| 112|0x0000000712a00000, 0x0000000712bd7190, 0x0000000712c00000| 92%| S|CS|TAMS 0x0000000712a00000, 0x0000000712a00000| Complete 
| 113|0x0000000712c00000, 0x0000000712e00000, 0x0000000712e00000|100%| E|CS|TAMS 0x0000000712c00000, 0x0000000712c00000| Complete 
| 114|0x0000000712e00000, 0x0000000713000000, 0x0000000713000000|100%| E|CS|TAMS 0x0000000712e00000, 0x0000000712e00000| Complete 
| 115|0x0000000713000000, 0x0000000713200000, 0x0000000713200000|100%| E|CS|TAMS 0x0000000713000000, 0x0000000713000000| Complete 
| 116|0x0000000713200000, 0x0000000713400000, 0x0000000713400000|100%| E|CS|TAMS 0x0000000713200000, 0x0000000713200000| Complete 
| 117|0x0000000713400000, 0x0000000713600000, 0x0000000713600000|100%| E|CS|TAMS 0x0000000713400000, 0x0000000713400000| Complete 
| 118|0x0000000713600000, 0x0000000713800000, 0x0000000713800000|100%| E|CS|TAMS 0x0000000713600000, 0x0000000713600000| Complete 
| 119|0x0000000713800000, 0x0000000713a00000, 0x0000000713a00000|100%| E|CS|TAMS 0x0000000713800000, 0x0000000713800000| Complete 
| 120|0x0000000713a00000, 0x0000000713c00000, 0x0000000713c00000|100%| E|CS|TAMS 0x0000000713a00000, 0x0000000713a00000| Complete 
| 121|0x0000000713c00000, 0x0000000713e00000, 0x0000000713e00000|100%| E|CS|TAMS 0x0000000713c00000, 0x0000000713c00000| Complete 
| 122|0x0000000713e00000, 0x0000000714000000, 0x0000000714000000|100%| E|CS|TAMS 0x0000000713e00000, 0x0000000713e00000| Complete 
| 123|0x0000000714000000, 0x0000000714200000, 0x0000000714200000|100%| E|CS|TAMS 0x0000000714000000, 0x0000000714000000| Complete 
| 124|0x0000000714200000, 0x0000000714400000, 0x0000000714400000|100%| E|CS|TAMS 0x0000000714200000, 0x0000000714200000| Complete 
| 125|0x0000000714400000, 0x0000000714600000, 0x0000000714600000|100%| E|CS|TAMS 0x0000000714400000, 0x0000000714400000| Complete 

Card table byte_map: [0x0000020b635d0000,0x0000020b63db0000] _byte_map_base: 0x0000020b5fdab000

Marking Bits (Prev, Next): (CMBitMap*) 0x0000020b4c2a81e0, (CMBitMap*) 0x0000020b4c2a8220
 Prev Bits: [0x0000020b64590000, 0x0000020b68468000)
 Next Bits: [0x0000020b68470000, 0x0000020b6c348000)

Polling page: 0x0000020b4ba10000

Metaspace:

Usage:
  Non-class:     16.42 MB used.
      Class:      2.42 MB used.
       Both:     18.84 MB used.

Virtual space:
  Non-class space:       24.00 MB reserved,      16.56 MB ( 69%) committed,  3 nodes.
      Class space:        1.00 GB reserved,       2.56 MB ( <1%) committed,  1 nodes.
             Both:        1.02 GB reserved,      19.12 MB (  2%) committed. 

Chunk freelists:
   Non-Class:  3.09 MB
       Class:  1.47 MB
        Both:  4.56 MB

MaxMetaspaceSize: unlimited
CompressedClassSpaceSize: 1.00 GB
Initial GC threshold: 21.00 MB
Current GC threshold: 21.00 MB
CDS: on
MetaspaceReclaimPolicy: balanced
 - commit_granule_bytes: 65536.
 - commit_granule_words: 8192.
 - virtual_space_node_default_size: 1048576.
 - enlarge_chunks_in_place: 1.
 - new_chunks_are_fully_committed: 0.
 - uncommit_free_chunks: 1.
 - use_allocation_guard: 0.
 - handle_deallocations: 1.


Internal statistics:

num_allocs_failed_limit: 0.
num_arena_births: 232.
num_arena_deaths: 0.
num_vsnodes_births: 4.
num_vsnodes_deaths: 0.
num_space_committed: 306.
num_space_uncommitted: 0.
num_chunks_returned_to_freelist: 0.
num_chunks_taken_from_freelist: 894.
num_chunk_merges: 0.
num_chunk_splits: 615.
num_chunks_enlarged: 484.
num_purges: 0.
num_inconsistent_stats: 0.

CodeHeap 'non-profiled nmethods': size=120000Kb used=1019Kb max_used=1019Kb free=118980Kb
 bounds [0x0000020b5b590000, 0x0000020b5b800000, 0x0000020b62ac0000]
CodeHeap 'profiled nmethods': size=120000Kb used=4698Kb max_used=4698Kb free=115301Kb
 bounds [0x0000020b53ac0000, 0x0000020b53f60000, 0x0000020b5aff0000]
CodeHeap 'non-nmethods': size=5760Kb used=1205Kb max_used=1248Kb free=4554Kb
 bounds [0x0000020b5aff0000, 0x0000020b5b260000, 0x0000020b5b590000]
 total_blobs=2819 nmethods=2323 adapters=408
 compilation: enabled
              stopped_count=0, restarted_count=0
 full_count=0

Compilation events (20 events):
Event: 11.651 Thread 0x0000020b720dc530 2308       4       jdk.internal.org.objectweb.asm.ByteVector::putInt (74 bytes)
Event: 11.652 Thread 0x0000020b720dc530 nmethod 2308 0x0000020b5b68d690 code [0x0000020b5b68d800, 0x0000020b5b68d958]
Event: 11.652 Thread 0x0000020b720dc530 2309       4       jdk.internal.org.objectweb.asm.MethodWriter::visitVarInsn (302 bytes)
Event: 11.653 Thread 0x0000020b6f850880 2310       3       org.springframework.core.annotation.AttributeMethods::forAnnotationType (26 bytes)
Event: 11.653 Thread 0x0000020b6f850880 nmethod 2310 0x0000020b53f49610 code [0x0000020b53f497e0, 0x0000020b53f49c48]
Event: 11.653 Thread 0x0000020b6f850880 2311       3       java.lang.reflect.Executable::equalParamTypes (36 bytes)
Event: 11.654 Thread 0x0000020b6f850880 nmethod 2311 0x0000020b53f49d90 code [0x0000020b53f49f40, 0x0000020b53f4a218]
Event: 11.654 Thread 0x0000020b6f850880 2312       3       java.util.HashMap::putMapEntries (167 bytes)
Event: 11.654 Thread 0x0000020b6f850880 nmethod 2312 0x0000020b53f4a310 code [0x0000020b53f4a5e0, 0x0000020b53f4b428]
Event: 11.654 Thread 0x0000020b6f850880 2313       1       java.lang.invoke.MethodHandle::isInvokeSpecial (2 bytes)
Event: 11.654 Thread 0x0000020b6f850880 nmethod 2313 0x0000020b5b68da90 code [0x0000020b5b68dc20, 0x0000020b5b68dcf8]
Event: 11.655 Thread 0x0000020b6f850880 2314       1       java.util.Collections$EmptySet::size (2 bytes)
Event: 11.655 Thread 0x0000020b6f850880 nmethod 2314 0x0000020b5b68dd90 code [0x0000020b5b68df20, 0x0000020b5b68dff8]
Event: 11.655 Thread 0x0000020b6f850880 2315   !   3       sun.reflect.annotation.AnnotationParser::parseAnnotation2 (271 bytes)
Event: 11.658 Thread 0x0000020b6f850880 nmethod 2315 0x0000020b53f4b810 code [0x0000020b53f4bc20, 0x0000020b53f4d948]
Event: 11.658 Thread 0x0000020b6f850880 2316       3       java.lang.reflect.Method::getRoot (5 bytes)
Event: 11.658 Thread 0x0000020b6f850880 nmethod 2316 0x0000020b53f4e390 code [0x0000020b53f4e520, 0x0000020b53f4e638]
Event: 11.658 Thread 0x0000020b720dc530 nmethod 2309 0x0000020b5b68e090 code [0x0000020b5b68e260, 0x0000020b5b68e8b0]
Event: 11.662 Thread 0x0000020b6f850880 2317   !   3       java.nio.ByteBuffer::wrap (21 bytes)
Event: 11.662 Thread 0x0000020b6f850880 nmethod 2317 0x0000020b53f4e710 code [0x0000020b53f4e8c0, 0x0000020b53f4eb58]

GC Heap History (4 events):
Event: 6.244 GC heap before
{Heap before GC invocations=0 (full 0):
 garbage-first heap   total 258048K, used 22528K [0x0000000704a00000, 0x0000000800000000)
  region size 2048K, 11 young (22528K), 0 survivors (0K)
 Metaspace       used 5423K, committed 5568K, reserved 1056768K
  class space    used 660K, committed 704K, reserved 1048576K
}
Event: 6.411 GC heap after
{Heap after GC invocations=1 (full 0):
 garbage-first heap   total 258048K, used 5855K [0x0000000704a00000, 0x0000000800000000)
  region size 2048K, 2 young (4096K), 2 survivors (4096K)
 Metaspace       used 5423K, committed 5568K, reserved 1056768K
  class space    used 660K, committed 704K, reserved 1048576K
}
Event: 9.410 GC heap before
{Heap before GC invocations=1 (full 0):
 garbage-first heap   total 258048K, used 28383K [0x0000000704a00000, 0x0000000800000000)
  region size 2048K, 13 young (26624K), 2 survivors (4096K)
 Metaspace       used 11029K, committed 11200K, reserved 1064960K
  class space    used 1406K, committed 1472K, reserved 1048576K
}
Event: 9.414 GC heap after
{Heap after GC invocations=2 (full 0):
 garbage-first heap   total 258048K, used 7746K [0x0000000704a00000, 0x0000000800000000)
  region size 2048K, 1 young (2048K), 1 survivors (2048K)
 Metaspace       used 11029K, committed 11200K, reserved 1064960K
  class space    used 1406K, committed 1472K, reserved 1048576K
}

Deoptimization events (20 events):
Event: 11.549 Thread 0x0000020b4c239fd0 DEOPT PACKING pc=0x0000020b53d556e5 sp=0x00000027c87fbdd0
Event: 11.549 Thread 0x0000020b4c239fd0 DEOPT UNPACKING pc=0x0000020b5b0466e3 sp=0x00000027c87fb2c0 mode 0
Event: 11.554 Thread 0x0000020b4c239fd0 DEOPT PACKING pc=0x0000020b53d556e5 sp=0x00000027c87fbdd0
Event: 11.554 Thread 0x0000020b4c239fd0 DEOPT UNPACKING pc=0x0000020b5b0466e3 sp=0x00000027c87fb2c0 mode 0
Event: 11.554 Thread 0x0000020b4c239fd0 DEOPT PACKING pc=0x0000020b53d556e5 sp=0x00000027c87fbdd0
Event: 11.555 Thread 0x0000020b4c239fd0 DEOPT UNPACKING pc=0x0000020b5b0466e3 sp=0x00000027c87fb2c0 mode 0
Event: 11.555 Thread 0x0000020b4c239fd0 DEOPT PACKING pc=0x0000020b53d556e5 sp=0x00000027c87fbdd0
Event: 11.555 Thread 0x0000020b4c239fd0 DEOPT UNPACKING pc=0x0000020b5b0466e3 sp=0x00000027c87fb2c0 mode 0
Event: 11.555 Thread 0x0000020b4c239fd0 DEOPT PACKING pc=0x0000020b53d556e5 sp=0x00000027c87fbdd0
Event: 11.555 Thread 0x0000020b4c239fd0 DEOPT UNPACKING pc=0x0000020b5b0466e3 sp=0x00000027c87fb2c0 mode 0
Event: 11.559 Thread 0x0000020b4c239fd0 DEOPT PACKING pc=0x0000020b53d556e5 sp=0x00000027c87fbdd0
Event: 11.559 Thread 0x0000020b4c239fd0 DEOPT UNPACKING pc=0x0000020b5b0466e3 sp=0x00000027c87fb2c0 mode 0
Event: 11.559 Thread 0x0000020b4c239fd0 DEOPT PACKING pc=0x0000020b53d556e5 sp=0x00000027c87fbdd0
Event: 11.559 Thread 0x0000020b4c239fd0 DEOPT UNPACKING pc=0x0000020b5b0466e3 sp=0x00000027c87fb2c0 mode 0
Event: 11.560 Thread 0x0000020b4c239fd0 DEOPT PACKING pc=0x0000020b53d556e5 sp=0x00000027c87fbdd0
Event: 11.560 Thread 0x0000020b4c239fd0 DEOPT UNPACKING pc=0x0000020b5b0466e3 sp=0x00000027c87fb2c0 mode 0
Event: 11.561 Thread 0x0000020b4c239fd0 DEOPT PACKING pc=0x0000020b53d556e5 sp=0x00000027c87fbdd0
Event: 11.561 Thread 0x0000020b4c239fd0 DEOPT UNPACKING pc=0x0000020b5b0466e3 sp=0x00000027c87fb2c0 mode 0
Event: 11.562 Thread 0x0000020b4c239fd0 DEOPT PACKING pc=0x0000020b53d556e5 sp=0x00000027c87fbdd0
Event: 11.562 Thread 0x0000020b4c239fd0 DEOPT UNPACKING pc=0x0000020b5b0466e3 sp=0x00000027c87fb2c0 mode 0

Classes unloaded (0 events):
No events

Classes redefined (0 events):
No events

Internal exceptions (20 events):
Event: 9.433 Thread 0x0000020b4c239fd0 Exception <a 'java/lang/IncompatibleClassChangeError'{0x0000000714461158}: Found class java.lang.Object, but interface was expected> (0x0000000714461158) 
thrown [s\open\src\hotspot\share\interpreter\linkResolver.cpp, line 826]
Event: 9.478 Thread 0x0000020b4c239fd0 Exception <a 'sun/nio/fs/WindowsException'{0x00000007144aa9a0}> (0x00000007144aa9a0) 
thrown [s\open\src\hotspot\share\prims\jni.cpp, line 516]
Event: 9.667 Thread 0x0000020b4c239fd0 Exception <a 'java/lang/NoSuchMethodError'{0x00000007142b96d0}: 'java.lang.Object java.lang.invoke.DirectMethodHandle$Holder.invokeSpecial(java.lang.Object, java.lang.Object, java.lang.Object, java.lang.Object, java.lang.Object, java.lang.Object, int)'> (0x00000007142b96d0) 
thrown [s\open\src\hotspot\share\interpreter\linkResolver.cpp, line 759]
Event: 9.668 Thread 0x0000020b4c239fd0 Exception <a 'java/lang/NoSuchMethodError'{0x00000007142c4188}: 'java.lang.Object java.lang.invoke.DirectMethodHandle$Holder.newInvokeSpecial(java.lang.Object, java.lang.Object, java.lang.Object, java.lang.Object, java.lang.Object, java.lang.Object, int)'> (0x00000007142c4188) 
thrown [s\open\src\hotspot\share\interpreter\linkResolver.cpp, line 759]
Event: 9.668 Thread 0x0000020b4c239fd0 Exception <a 'java/lang/NoSuchMethodError'{0x00000007142c9718}: 'java.lang.Object java.lang.invoke.DirectMethodHandle$Holder.invokeSpecial(java.lang.Object, java.lang.Object, java.lang.Object, java.lang.Object, java.lang.Object, java.lang.Object, java.lang.Object, int)'> (0x00000007142c9718) 
thrown [s\open\src\hotspot\share\interpreter\linkResolver.cpp, line 759]
Event: 9.797 Thread 0x0000020b4c239fd0 Exception <a 'java/lang/NoSuchMethodError'{0x00000007140166b0}: 'void java.lang.invoke.DirectMethodHandle$Holder.invokeStatic(java.lang.Object, java.lang.Object, java.lang.Object, java.lang.Object, java.lang.Object, java.lang.Object)'> (0x00000007140166b0) 
thrown [s\open\src\hotspot\share\interpreter\linkResolver.cpp, line 759]
Event: 9.804 Thread 0x0000020b4c239fd0 Exception <a 'java/lang/NoSuchMethodError'{0x000000071402ff80}: 'java.lang.Object java.lang.invoke.DirectMethodHandle$Holder.invokeSpecial(java.lang.Object, java.lang.Object, java.lang.Object, int, java.lang.Object)'> (0x000000071402ff80) 
thrown [s\open\src\hotspot\share\interpreter\linkResolver.cpp, line 759]
Event: 9.808 Thread 0x0000020b4c239fd0 Exception <a 'java/lang/NoSuchMethodError'{0x0000000714038b30}: 'java.lang.Object java.lang.invoke.DirectMethodHandle$Holder.newInvokeSpecial(java.lang.Object, java.lang.Object, java.lang.Object, int, java.lang.Object)'> (0x0000000714038b30) 
thrown [s\open\src\hotspot\share\interpreter\linkResolver.cpp, line 759]
Event: 9.809 Thread 0x0000020b4c239fd0 Exception <a 'java/lang/NoSuchMethodError'{0x0000000714040a50}: 'java.lang.Object java.lang.invoke.Invokers$Holder.linkToTargetMethod(java.lang.Object, java.lang.Object, int, java.lang.Object, java.lang.Object)'> (0x0000000714040a50) 
thrown [s\open\src\hotspot\share\interpreter\linkResolver.cpp, line 759]
Event: 9.811 Thread 0x0000020b4c239fd0 Exception <a 'java/lang/NoSuchMethodError'{0x00000007140560c0}: 'java.lang.Object java.lang.invoke.DirectMethodHandle$Holder.newInvokeSpecial(java.lang.Object, int, java.lang.Object)'> (0x00000007140560c0) 
thrown [s\open\src\hotspot\share\interpreter\linkResolver.cpp, line 759]
Event: 10.212 Thread 0x0000020b4c239fd0 Exception <a 'java/lang/IncompatibleClassChangeError'{0x0000000713c06e10}: Found class java.lang.Object, but interface was expected> (0x0000000713c06e10) 
thrown [s\open\src\hotspot\share\interpreter\linkResolver.cpp, line 826]
Event: 10.926 Thread 0x0000020b4c239fd0 Exception <a 'sun/nio/fs/WindowsException'{0x00000007124bec60}> (0x00000007124bec60) 
thrown [s\open\src\hotspot\share\prims\jni.cpp, line 516]
Event: 10.930 Thread 0x0000020b4c239fd0 Exception <a 'sun/nio/fs/WindowsException'{0x00000007124c54e0}> (0x00000007124c54e0) 
thrown [s\open\src\hotspot\share\prims\jni.cpp, line 516]
Event: 10.956 Thread 0x0000020b705e2970 Exception <a 'java/lang/NoSuchMethodError'{0x0000000712202e08}: 'long java.lang.invoke.DirectMethodHandle$Holder.invokeSpecial(java.lang.Object, java.lang.Object)'> (0x0000000712202e08) 
thrown [s\open\src\hotspot\share\interpreter\linkResolver.cpp, line 759]
Event: 10.964 Thread 0x0000020b705e2970 Exception <a 'java/lang/NoSuchMethodError'{0x0000000712213cc8}: 'long java.lang.invoke.DirectMethodHandle$Holder.invokeStatic(java.lang.Object, java.lang.Object)'> (0x0000000712213cc8) 
thrown [s\open\src\hotspot\share\interpreter\linkResolver.cpp, line 759]
Event: 10.964 Thread 0x0000020b705e2970 Exception <a 'java/lang/NoSuchMethodError'{0x00000007122172c8}: 'long java.lang.invoke.DirectMethodHandle$Holder.invokeStaticInit(java.lang.Object, java.lang.Object)'> (0x00000007122172c8) 
thrown [s\open\src\hotspot\share\interpreter\linkResolver.cpp, line 759]
Event: 10.973 Thread 0x0000020b705e2970 Exception <a 'java/lang/NoSuchMethodError'{0x0000000712224e70}: 'long java.lang.invoke.DirectMethodHandle$Holder.invokeInterface(java.lang.Object, java.lang.Object)'> (0x0000000712224e70) 
thrown [s\open\src\hotspot\share\interpreter\linkResolver.cpp, line 759]
Event: 10.977 Thread 0x0000020b705e2970 Exception <a 'java/lang/IncompatibleClassChangeError'{0x0000000712228400}: Found class java.lang.Object, but interface was expected> (0x0000000712228400) 
thrown [s\open\src\hotspot\share\interpreter\linkResolver.cpp, line 826]
Event: 11.004 Thread 0x0000020b705e2970 Exception <a 'java/lang/NoSuchMethodError'{0x000000071229f420}: 'java.lang.Object java.lang.invoke.DirectMethodHandle$Holder.invokeVirtual(java.lang.Object, java.lang.Object, java.lang.Object, java.lang.Object)'> (0x000000071229f420) 
thrown [s\open\src\hotspot\share\interpreter\linkResolver.cpp, line 759]
Event: 11.527 Thread 0x0000020b4c239fd0 Exception <a 'java/lang/IncompatibleClassChangeError'{0x0000000711c23608}: Found class java.lang.Object, but interface was expected> (0x0000000711c23608) 
thrown [s\open\src\hotspot\share\interpreter\linkResolver.cpp, line 826]

VM Operations (20 events):
Event: 7.032 Executing VM operation: HandshakeAllThreads
Event: 7.032 Executing VM operation: HandshakeAllThreads done
Event: 7.429 Executing VM operation: HandshakeAllThreads
Event: 7.429 Executing VM operation: HandshakeAllThreads done
Event: 7.429 Executing VM operation: Cleanup
Event: 7.429 Executing VM operation: Cleanup done
Event: 8.430 Executing VM operation: Cleanup
Event: 8.431 Executing VM operation: Cleanup done
Event: 9.127 Executing VM operation: HandshakeAllThreads
Event: 9.128 Executing VM operation: HandshakeAllThreads done
Event: 9.410 Executing VM operation: G1CollectForAllocation
Event: 9.414 Executing VM operation: G1CollectForAllocation done
Event: 10.001 Executing VM operation: HandshakeAllThreads
Event: 10.001 Executing VM operation: HandshakeAllThreads done
Event: 10.484 Executing VM operation: ICBufferFull
Event: 10.484 Executing VM operation: ICBufferFull done
Event: 10.765 Executing VM operation: HandshakeAllThreads
Event: 10.766 Executing VM operation: HandshakeAllThreads done
Event: 10.803 Executing VM operation: HandshakeAllThreads
Event: 10.803 Executing VM operation: HandshakeAllThreads done

Events (20 events):
Event: 10.779 loading class java/util/concurrent/ConcurrentLinkedDeque$Itr done
Event: 10.907 Thread 0x0000020b7089e700 Thread exited: 0x0000020b7089e700
Event: 10.917 loading class java/util/regex/Pattern$BnM
Event: 10.917 loading class java/util/regex/Pattern$BnM done
Event: 10.917 loading class java/util/regex/Pattern$Pos
Event: 10.917 loading class java/util/regex/Pattern$Pos done
Event: 10.980 loading class sun/net/ProgressMonitor
Event: 10.980 loading class sun/net/ProgressMonitor done
Event: 10.980 loading class sun/net/DefaultProgressMeteringPolicy
Event: 10.981 loading class sun/net/ProgressMeteringPolicy
Event: 10.981 loading class sun/net/ProgressMeteringPolicy done
Event: 10.981 loading class sun/net/DefaultProgressMeteringPolicy done
Event: 11.016 Thread 0x0000020b705e2970 Thread exited: 0x0000020b705e2970
Event: 11.332 Thread 0x0000020b71040820 Thread added: 0x0000020b71040820
Event: 11.380 loading class javax/naming/ldap/LdapContext
Event: 11.381 loading class javax/naming/directory/DirContext
Event: 11.381 loading class javax/naming/directory/DirContext done
Event: 11.381 loading class javax/naming/ldap/LdapContext done
Event: 11.452 Thread 0x0000020b71040820 Thread exited: 0x0000020b71040820
Event: 11.467 Thread 0x0000020b720dc530 Thread added: 0x0000020b720dc530


Dynamic libraries:
0x00007ff7adf20000 - 0x00007ff7adf30000 	C:\Program Files\Java\jdk-17\bin\java.exe
0x00007ff939950000 - 0x00007ff939b64000 	C:\WINDOWS\SYSTEM32\ntdll.dll
0x00007ff937fc0000 - 0x00007ff938084000 	C:\WINDOWS\System32\KERNEL32.DLL
0x00007ff936d00000 - 0x00007ff9370a4000 	C:\WINDOWS\System32\KERNELBASE.dll
0x00007ff937330000 - 0x00007ff937441000 	C:\WINDOWS\System32\ucrtbase.dll
0x00007ff9274f0000 - 0x00007ff927508000 	C:\Program Files\Java\jdk-17\bin\jli.dll
0x00007ff9382d0000 - 0x00007ff938380000 	C:\WINDOWS\System32\ADVAPI32.dll
0x00007ff938380000 - 0x00007ff938427000 	C:\WINDOWS\System32\msvcrt.dll
0x00007ff9376e0000 - 0x00007ff937786000 	C:\WINDOWS\System32\sechost.dll
0x00007ff937ea0000 - 0x00007ff937fb7000 	C:\WINDOWS\System32\RPCRT4.dll
0x00007ff938670000 - 0x00007ff93881e000 	C:\WINDOWS\System32\USER32.dll
0x00007ff937450000 - 0x00007ff937476000 	C:\WINDOWS\System32\win32u.dll
0x00007ff9398c0000 - 0x00007ff9398e9000 	C:\WINDOWS\System32\GDI32.dll
0x00007ff937170000 - 0x00007ff937288000 	C:\WINDOWS\System32\gdi32full.dll
0x00007ff937290000 - 0x00007ff93732a000 	C:\WINDOWS\System32\msvcp_win.dll
0x00007ff925e90000 - 0x00007ff925eab000 	C:\Program Files\Java\jdk-17\bin\VCRUNTIME140.dll
0x00007ff922690000 - 0x00007ff922923000 	C:\WINDOWS\WinSxS\amd64_microsoft.windows.common-controls_6595b64144ccf1df_6.0.22621.2215_none_270d72677387dfc3\COMCTL32.dll
0x00007ff92fed0000 - 0x00007ff92feda000 	C:\WINDOWS\SYSTEM32\VERSION.dll
0x00007ff937e00000 - 0x00007ff937e31000 	C:\WINDOWS\System32\IMM32.DLL
0x00007ff928ea0000 - 0x00007ff928eac000 	C:\Program Files\Java\jdk-17\bin\vcruntime140_1.dll
0x00007ff911860000 - 0x00007ff9118ee000 	C:\Program Files\Java\jdk-17\bin\msvcp140.dll
0x00007ff8a7df0000 - 0x00007ff8a89c7000 	C:\Program Files\Java\jdk-17\bin\server\jvm.dll
0x00007ff938ee0000 - 0x00007ff938ee8000 	C:\WINDOWS\System32\PSAPI.DLL
0x00007ff924e10000 - 0x00007ff924e19000 	C:\WINDOWS\SYSTEM32\WSOCK32.dll
0x00007ff937c00000 - 0x00007ff937c71000 	C:\WINDOWS\System32\WS2_32.dll
0x00007ff92fbc0000 - 0x00007ff92fbf4000 	C:\WINDOWS\SYSTEM32\WINMM.dll
0x00007ff935cc0000 - 0x00007ff935cd8000 	C:\WINDOWS\SYSTEM32\kernel.appcore.dll
0x00007ff928940000 - 0x00007ff92894a000 	C:\Program Files\Java\jdk-17\bin\jimage.dll
0x00007ff934620000 - 0x00007ff93484e000 	C:\WINDOWS\SYSTEM32\DBGHELP.DLL
0x00007ff937870000 - 0x00007ff937bfa000 	C:\WINDOWS\System32\combase.dll
0x00007ff9381f0000 - 0x00007ff9382c7000 	C:\WINDOWS\System32\OLEAUT32.dll
0x00007ff92c010000 - 0x00007ff92c042000 	C:\WINDOWS\SYSTEM32\dbgcore.DLL
0x00007ff937660000 - 0x00007ff9376da000 	C:\WINDOWS\System32\bcryptPrimitives.dll
0x00007ff925e40000 - 0x00007ff925e65000 	C:\Program Files\Java\jdk-17\bin\java.dll
0x00007ff9046a0000 - 0x00007ff904777000 	C:\Program Files\Java\jdk-17\bin\jsvml.dll
0x00007ff939090000 - 0x00007ff9398b3000 	C:\WINDOWS\System32\SHELL32.dll
0x00007ff934c40000 - 0x00007ff93552a000 	C:\WINDOWS\SYSTEM32\windows.storage.dll
0x00007ff934b00000 - 0x00007ff934c3e000 	C:\WINDOWS\SYSTEM32\wintypes.dll
0x00007ff937c80000 - 0x00007ff937d73000 	C:\WINDOWS\System32\SHCORE.dll
0x00007ff938820000 - 0x00007ff93887e000 	C:\WINDOWS\System32\shlwapi.dll
0x00007ff936c30000 - 0x00007ff936c56000 	C:\WINDOWS\SYSTEM32\profapi.dll
0x00007ff924fa0000 - 0x00007ff924fb9000 	C:\Program Files\Java\jdk-17\bin\net.dll
0x00007ff933590000 - 0x00007ff9336c7000 	C:\WINDOWS\SYSTEM32\WINHTTP.dll
0x00007ff936180000 - 0x00007ff9361e9000 	C:\WINDOWS\system32\mswsock.dll
0x00007ff922470000 - 0x00007ff922486000 	C:\Program Files\Java\jdk-17\bin\nio.dll
0x00007ff921d10000 - 0x00007ff921d28000 	C:\Program Files\Java\jdk-17\bin\zip.dll
0x00007ff925db0000 - 0x00007ff925dba000 	C:\Program Files\Java\jdk-17\bin\management.dll
0x00007ff925d50000 - 0x00007ff925d5b000 	C:\Program Files\Java\jdk-17\bin\management_ext.dll
0x00007ff925ed0000 - 0x00007ff925ee0000 	C:\Program Files\Java\jdk-17\bin\verify.dll

dbghelp: loaded successfully - version: 4.0.5 - missing functions: none
symbol engine: initialized successfully - sym options: 0x614 - pdb path: .;C:\Program Files\Java\jdk-17\bin;C:\WINDOWS\SYSTEM32;C:\WINDOWS\WinSxS\amd64_microsoft.windows.common-controls_6595b64144ccf1df_6.0.22621.2215_none_270d72677387dfc3;C:\Program Files\Java\jdk-17\bin\server

VM Arguments:
java_command: C:\Users\T\AppData\Local\Temp\surefire10920368237488122539\surefirebooter7423333078494778146.jar C:\Users\T\AppData\Local\Temp\surefire10920368237488122539 2023-10-25T08-54-42_314-jvmRun1 surefire16927037582912381449tmp surefire_08235286321202334888tmp
java_class_path (initial): C:\Users\T\AppData\Local\Temp\surefire10920368237488122539\surefirebooter7423333078494778146.jar
Launcher Type: SUN_STANDARD

[Global flags]
     intx CICompilerCount                          = 4                                         {product} {ergonomic}
     uint ConcGCThreads                            = 2                                         {product} {ergonomic}
     uint G1ConcRefinementThreads                  = 8                                         {product} {ergonomic}
   size_t G1HeapRegionSize                         = 2097152                                   {product} {ergonomic}
    uintx GCDrainStackTargetSize                   = 64                                        {product} {ergonomic}
   size_t InitialHeapSize                          = 264241152                                 {product} {ergonomic}
   size_t MarkStackSize                            = 4194304                                   {product} {ergonomic}
   size_t MaxHeapSize                              = 4217372672                                {product} {ergonomic}
   size_t MaxNewSize                               = 2529165312                                {product} {ergonomic}
   size_t MinHeapDeltaBytes                        = 2097152                                   {product} {ergonomic}
   size_t MinHeapSize                              = 8388608                                   {product} {ergonomic}
    uintx NonNMethodCodeHeapSize                   = 5839372                                {pd product} {ergonomic}
    uintx NonProfiledCodeHeapSize                  = 122909434                              {pd product} {ergonomic}
    uintx ProfiledCodeHeapSize                     = 122909434                              {pd product} {ergonomic}
    uintx ReservedCodeCacheSize                    = 251658240                              {pd product} {ergonomic}
     bool SegmentedCodeCache                       = true                                      {product} {ergonomic}
   size_t SoftMaxHeapSize                          = 4217372672                             {manageable} {ergonomic}
     bool UseCompressedClassPointers               = true                           {product lp64_product} {ergonomic}
     bool UseCompressedOops                        = true                           {product lp64_product} {ergonomic}
     bool UseG1GC                                  = true                                      {product} {ergonomic}
     bool UseLargePagesIndividualAllocation        = false                                  {pd product} {ergonomic}

Logging:
Log output configuration:
 #0: stdout all=warning uptime,level,tags
 #1: stderr all=off uptime,level,tags

Environment Variables:
JAVA_HOME=C:\Program Files\Java\jdk-17
PATH=C:\WINDOWS\system32;C:\WINDOWS;C:\WINDOWS\System32\Wbem;C:\Program Files\Java\jdk-17\bin;C:\WINDOWS\System32\WindowsPowerShell\v1.0\;C:\WINDOWS\System32\OpenSSH\;C:\Program Files\Git\cmd;C:\Program Files\nodejs\;C:\Program Files\MongoDB\Server\6.0\bin;C:\Program Files\PostgreSQL\10\bin;C:\Program Files\PuTTY\;D:\documents\newBank\minIO;C:\Program Files\Docker\Docker\resources\bin;C:\Program Files\Java\scripts;C:\ProgramData\chocolatey\bin;C:\Users\T\AppData\Local\Programs\Python\Python311\Scripts\;C:\Users\T\AppData\Local\Programs\Python\Python311\;C:\Users\T\AppData\Local\Microsoft\WindowsApps;C:\Program Files\JetBrains\IntelliJ IDEA 2023.1\bin;;C:\Users\T\AppData\Roaming\npm;C:\Users\T\AppData\Local\Programs\Microsoft VS Code\bin;C:\Program Files\MongoDB\Server\6.0\bin;D:\apache-maven-3.6.3\bin;D:\neo4j\bin;C:\Program Files\PostgreSQL\10\bin;C:\Program Files\JetBrains\IntelliJ IDEA Community Edition 2023.1.2\bin;;D:\documents\newBank\minIO;
USERNAME=T
OS=Windows_NT
PROCESSOR_IDENTIFIER=Intel64 Family 6 Model 140 Stepping 1, GenuineIntel



---------------  S Y S T E M  ---------------

OS:
 Windows 11 , 64 bit Build 22621 (10.0.22621.2215)
OS uptime: 15 days 22:53 hours
Hyper-V role detected

CPU: total 8 (initial active 8) (4 cores per cpu, 2 threads per core) family 6 model 140 stepping 1 microcode 0x86, cx8, cmov, fxsr, ht, mmx, 3dnowpref, sse, sse2, sse3, ssse3, sse4.1, sse4.2, popcnt, lzcnt, tsc, tscinvbit, avx, avx2, aes, erms, clmul, bmi1, bmi2, adx, avx512f, avx512dq, avx512cd, avx512bw, avx512vl, sha, fma, vzeroupper, avx512_vpopcntdq, avx512_vpclmulqdq, avx512_vaes, avx512_vnni, clflush, clflushopt, clwb, avx512_vbmi2, avx512_vbmi, hv

Memory: 4k page, system-wide physical 16082M (566M free)
TotalPageFile size 39547M (AvailPageFile size 9M)
current process WorkingSet (physical memory assigned to process): 137M, peak: 139M
current process commit charge ("private bytes"): 394M, peak: 395M

vm_info: Java HotSpot(TM) 64-Bit Server VM (17.0.6+9-LTS-190) for windows-amd64 JRE (17.0.6+9-LTS-190), built on Dec  6 2022 15:53:54 by "mach5one" with MS VC++ 17.1 (VS2022)

END.
